<?xml version="1.0" encoding="UTF-8"?>
<testsuite name="Test"
           tests="1"
           failures="1"
           errors="0"
           skipped="0"
           time="0.000">
    <properties></properties>

            <testcase
                name="driverClose"
                time="0.000"
                classname="base.BaseTest">

            <failure type="java.lang.NullPointerException" message="Cannot invoke &quot;org.openqa.selenium.WebDriver.close()&quot; because &quot;base.BaseTest.driver&quot; is null">
                <![CDATA[java.lang.NullPointerException: Cannot invoke "org.openqa.selenium.WebDriver.close()" because "base.BaseTest.driver" is null
                base.BaseTest.driverClose(BaseTest.java:70)java.base/jdk.internal.reflect.NativeMethodAccessorImpl.invoke0(Native Method)java.base/jdk.internal.reflect.NativeMethodAccessorImpl.invoke(NativeMethodAccessorImpl.java:77)java.base/jdk.internal.reflect.DelegatingMethodAccessorImpl.invoke(DelegatingMethodAccessorImpl.java:43)java.base/java.lang.reflect.Method.invoke(Method.java:568)org.testng.internal.MethodInvocationHelper.invokeMethod(MethodInvocationHelper.java:133)org.testng.internal.MethodInvocationHelper.invokeMethodConsideringTimeout(MethodInvocationHelper.java:62)org.testng.internal.ConfigInvoker.invokeConfigurationMethod(ConfigInvoker.java:340)org.testng.internal.ConfigInvoker.invokeConfigurations(ConfigInvoker.java:294)org.testng.TestRunner.invokeTestConfigurations(TestRunner.java:623)org.testng.TestRunner.afterRun(TestRunner.java:853)org.testng.TestRunner.run(TestRunner.java:594)org.testng.SuiteRunner.runTest(SuiteRunner.java:402)org.testng.SuiteRunner.runSequentially(SuiteRunner.java:396)org.testng.SuiteRunner.privateRun(SuiteRunner.java:355)org.testng.SuiteRunner.run(SuiteRunner.java:304)org.testng.SuiteRunnerWorker.runSuite(SuiteRunnerWorker.java:53)org.testng.SuiteRunnerWorker.run(SuiteRunnerWorker.java:96)org.testng.TestNG.runSuitesSequentially(TestNG.java:1180)org.testng.TestNG.runSuitesLocally(TestNG.java:1102)org.testng.TestNG.runSuites(TestNG.java:1032)org.testng.TestNG.run(TestNG.java:1000)org.testng.remote.AbstractRemoteTestNG.run(AbstractRemoteTestNG.java:115)org.testng.remote.RemoteTestNG.initAndRun(RemoteTestNG.java:251)org.testng.remote.RemoteTestNG.main(RemoteTestNG.java:77)
]]>
            </failure>
    </testcase>


</testsuite>
