<?xml version="1.0" encoding="UTF-8"?>
<testng-results ignored="0" total="1" passed="1" failed="0" skipped="0">
  <reporter-output>
  </reporter-output>
  <suite started-at="2023-12-26T13:12:15 IST" name="Default suite" finished-at="2023-12-26T13:19:27 IST" duration-ms="431966">
    <groups>
    </groups>
    <test started-at="2023-12-26T13:12:15 IST" name="Default test" finished-at="2023-12-26T13:19:27 IST" duration-ms="431966">
      <class name="testCases.Random">
        <test-method signature="brokenLinks()[pri:0, instance:testCases.Random@5c80cf32]" started-at="2023-12-26T13:12:15 IST" name="brokenLinks" finished-at="2023-12-26T13:19:27 IST" duration-ms="431930" status="PASS">
          <reporter-output>
          </reporter-output>
        </test-method> <!-- brokenLinks -->
      </class> <!-- testCases.Random -->
    </test> <!-- Default test -->
  </suite> <!-- Default suite -->
</testng-results>
